#0 building with "default" instance using docker driver

#1 [internal] load build definition from Dockerfile.three-stage
#1 transferring dockerfile: 42B 0.0s
#1 transferring dockerfile: 7.00kB 0.1s done
#1 DONE 0.2s

#2 [internal] load metadata for docker.io/library/node:20.10.0-alpine
#2 ...

#3 [auth] library/node:pull token for registry-1.docker.io
#3 DONE 0.0s

#2 [internal] load metadata for docker.io/library/node:20.10.0-alpine
#2 DONE 3.5s

#4 [internal] load .dockerignore
#4 transferring context: 1.46kB 0.1s done
#4 DONE 0.2s

#5 [base-deps 1/6] FROM docker.io/library/node:20.10.0-alpine@sha256:9e38d3d4117da74a643f67041c83914480b335c3bd44d37ccf5b5ad86cd715d1
#5 resolve docker.io/library/node:20.10.0-alpine@sha256:9e38d3d4117da74a643f67041c83914480b335c3bd44d37ccf5b5ad86cd715d1 0.0s done
#5 ...

#6 [internal] load build context
#6 transferring context: 417.06kB 0.1s done
#6 DONE 0.2s

#5 [base-deps 1/6] FROM docker.io/library/node:20.10.0-alpine@sha256:9e38d3d4117da74a643f67041c83914480b335c3bd44d37ccf5b5ad86cd715d1
#5 sha256:ef0b6390b7f1188deb53ed9d02159c52676b5c019123fde638841a03a324e258 0B / 450B 0.2s
#5 sha256:9bb776f8ddb06a17c9831ed6f4a2d08ebd68c020f3f689107ea1cbd69f327d9d 0B / 2.34MB 0.2s
#5 sha256:89059ca18a987694854cd03bb6655f445ec9536917d1f8ac6e65d42e0f17f0dd 0B / 42.10MB 0.2s
#5 sha256:661ff4d9561e3fd050929ee5097067c34bafc523ee60f5294a37fd08056a73ca 0B / 3.41MB 0.2s
#5 sha256:ef0b6390b7f1188deb53ed9d02159c52676b5c019123fde638841a03a324e258 450B / 450B 0.8s done
#5 sha256:9bb776f8ddb06a17c9831ed6f4a2d08ebd68c020f3f689107ea1cbd69f327d9d 1.05MB / 2.34MB 1.4s
#5 sha256:9bb776f8ddb06a17c9831ed6f4a2d08ebd68c020f3f689107ea1cbd69f327d9d 2.34MB / 2.34MB 1.5s done
#5 sha256:661ff4d9561e3fd050929ee5097067c34bafc523ee60f5294a37fd08056a73ca 1.05MB / 3.41MB 1.4s
#5 sha256:661ff4d9561e3fd050929ee5097067c34bafc523ee60f5294a37fd08056a73ca 3.41MB / 3.41MB 1.6s done
#5 sha256:89059ca18a987694854cd03bb6655f445ec9536917d1f8ac6e65d42e0f17f0dd 8.39MB / 42.10MB 1.8s
#5 extracting sha256:661ff4d9561e3fd050929ee5097067c34bafc523ee60f5294a37fd08056a73ca
#5 extracting sha256:661ff4d9561e3fd050929ee5097067c34bafc523ee60f5294a37fd08056a73ca 0.3s done
#5 sha256:89059ca18a987694854cd03bb6655f445ec9536917d1f8ac6e65d42e0f17f0dd 14.63MB / 42.10MB 2.1s
#5 sha256:89059ca18a987694854cd03bb6655f445ec9536917d1f8ac6e65d42e0f17f0dd 16.78MB / 42.10MB 2.3s
#5 sha256:89059ca18a987694854cd03bb6655f445ec9536917d1f8ac6e65d42e0f17f0dd 19.92MB / 42.10MB 2.7s
#5 sha256:89059ca18a987694854cd03bb6655f445ec9536917d1f8ac6e65d42e0f17f0dd 23.07MB / 42.10MB 2.9s
#5 sha256:89059ca18a987694854cd03bb6655f445ec9536917d1f8ac6e65d42e0f17f0dd 26.21MB / 42.10MB 3.0s
#5 sha256:89059ca18a987694854cd03bb6655f445ec9536917d1f8ac6e65d42e0f17f0dd 31.46MB / 42.10MB 3.5s
#5 sha256:89059ca18a987694854cd03bb6655f445ec9536917d1f8ac6e65d42e0f17f0dd 34.60MB / 42.10MB 3.6s
#5 sha256:89059ca18a987694854cd03bb6655f445ec9536917d1f8ac6e65d42e0f17f0dd 37.75MB / 42.10MB 3.8s
#5 sha256:89059ca18a987694854cd03bb6655f445ec9536917d1f8ac6e65d42e0f17f0dd 42.10MB / 42.10MB 4.2s
#5 sha256:89059ca18a987694854cd03bb6655f445ec9536917d1f8ac6e65d42e0f17f0dd 42.10MB / 42.10MB 4.8s done
#5 extracting sha256:89059ca18a987694854cd03bb6655f445ec9536917d1f8ac6e65d42e0f17f0dd
#5 extracting sha256:89059ca18a987694854cd03bb6655f445ec9536917d1f8ac6e65d42e0f17f0dd 1.5s done
#5 DONE 6.6s

#5 [base-deps 1/6] FROM docker.io/library/node:20.10.0-alpine@sha256:9e38d3d4117da74a643f67041c83914480b335c3bd44d37ccf5b5ad86cd715d1
#5 extracting sha256:9bb776f8ddb06a17c9831ed6f4a2d08ebd68c020f3f689107ea1cbd69f327d9d 0.1s done
#5 extracting sha256:ef0b6390b7f1188deb53ed9d02159c52676b5c019123fde638841a03a324e258 0.0s done
#5 DONE 6.7s

#7 [base-deps 2/6] RUN corepack enable && corepack prepare pnpm@10.14.0 --activate
#7 0.502 Preparing pnpm@10.14.0 for immediate activation...
#7 DONE 4.0s

#8 [base-deps 3/6] WORKDIR /app
#8 DONE 0.1s

#9 [base-deps 4/6] RUN apk add --no-cache     libc6-compat     ca-certificates     tzdata     && update-ca-certificates
#9 0.298 fetch https://dl-cdn.alpinelinux.org/alpine/v3.19/main/x86_64/APKINDEX.tar.gz
#9 0.817 fetch https://dl-cdn.alpinelinux.org/alpine/v3.19/community/x86_64/APKINDEX.tar.gz
#9 1.525 (1/5) Installing ca-certificates (20250911-r0)
#9 2.097 (2/5) Installing musl-obstack (1.2.3-r2)
#9 2.282 (3/5) Installing libucontext (1.2-r2)
#9 2.466 (4/5) Installing gcompat (1.1.0-r4)
#9 2.827 (5/5) Installing tzdata (2025b-r0)
#9 3.347 Executing busybox-1.36.1-r15.trigger
#9 3.356 Executing ca-certificates-20250911-r0.trigger
#9 3.455 OK: 14 MiB in 22 packages
#9 DONE 3.7s

#10 [base-deps 5/6] COPY package.json pnpm-lock.yaml ./
#10 DONE 0.1s

#11 [base-deps 6/6] RUN pnpm install --frozen-lockfile --prod --ignore-scripts --force &&     pnpm store prune &&     rm -rf /tmp/*            /root/.cache            /root/.npm            /root/.pnpm-store            /app/.pnpm-cache
#11 0.837  WARN  using --force I sure hope you know what you are doing
#11 1.024 Lockfile is up to date, resolution step is skipped
#11 1.079 Progress: resolved 1, reused 0, downloaded 0, added 0
#11 1.343 Packages: +532
#11 1.343 ++++++++++++++++++++++++++++++++++++++++++++++++++++++++++++++++++++++++++++++++
#11 2.081 
#11 2.081    ╭───────────────────────────────────────────────╮
#11 2.081    │                                               │
#11 2.081    │     Update available! 10.14.0 → 10.18.1.      │
#11 2.081    │     Changelog: https://pnpm.io/v/10.18.1      │
#11 2.081    │   To update, run: corepack use pnpm@10.18.1   │
#11 2.081    │                                               │
#11 2.081    ╰───────────────────────────────────────────────╯
#11 2.081 
#11 2.111 Progress: resolved 532, reused 0, downloaded 0, added 0
#11 3.111 Progress: resolved 532, reused 0, downloaded 37, added 37
#11 4.110 Progress: resolved 532, reused 0, downloaded 82, added 81
#11 5.110 Progress: resolved 532, reused 0, downloaded 100, added 100
#11 6.111 Progress: resolved 532, reused 0, downloaded 115, added 115
#11 7.111 Progress: resolved 532, reused 0, downloaded 126, added 125
#11 8.112 Progress: resolved 532, reused 0, downloaded 138, added 138
#11 9.116 Progress: resolved 532, reused 0, downloaded 158, added 157
#11 10.12 Progress: resolved 532, reused 0, downloaded 174, added 174
#11 11.12 Progress: resolved 532, reused 0, downloaded 197, added 197
#11 12.12 Progress: resolved 532, reused 0, downloaded 209, added 209
#11 13.12 Progress: resolved 532, reused 0, downloaded 233, added 233
#11 14.12 Progress: resolved 532, reused 0, downloaded 247, added 247
#11 15.12 Progress: resolved 532, reused 0, downloaded 263, added 263
#11 16.19 Progress: resolved 532, reused 0, downloaded 283, added 283
#11 17.19 Progress: resolved 532, reused 0, downloaded 304, added 301
#11 18.19 Progress: resolved 532, reused 0, downloaded 344, added 344
#11 19.20 Progress: resolved 532, reused 0, downloaded 402, added 402
#11 20.20 Progress: resolved 532, reused 0, downloaded 458, added 458
#11 21.20 Progress: resolved 532, reused 0, downloaded 502, added 500
#11 22.20 Progress: resolved 532, reused 0, downloaded 530, added 529
#11 23.04 Progress: resolved 532, reused 0, downloaded 532, added 532, done
#11 23.47 
#11 23.47 dependencies:
#11 23.47 + @dnd-kit/core 6.3.1
#11 23.47 + @dnd-kit/modifiers 9.0.0
#11 23.47 + @dnd-kit/sortable 10.0.0
#11 23.47 + @dnd-kit/utilities 3.2.2
#11 23.47 + @headlessui/react 2.2.7
#11 23.47 + @heroicons/react 2.2.0
#11 23.47 + @upstash/redis 1.35.3
#11 23.47 + @vidstack/react 1.12.13
#11 23.47 + artplayer 5.3.0
#11 23.47 + clsx 2.1.1
#11 23.47 + framer-motion 12.23.12
#11 23.47 + glob-to-regexp 0.4.1
#11 23.47 + he 1.2.0
#11 23.47 + hls.js 1.6.11
#11 23.47 + lucide-react 0.438.0
#11 23.47 + media-icons 1.1.5
#11 23.47 + next 14.2.30
#11 23.47 + next-pwa 5.6.0
#11 23.47 + next-themes 0.4.6
#11 23.47 + react 18.3.1
#11 23.47 + react-dom 18.3.1
#11 23.47 + react-icons 5.5.0
#11 23.47 + redis 4.7.1
#11 23.47 + sweetalert2 11.23.0
#11 23.47 + swiper 11.2.10
#11 23.47 + tailwind-merge 2.6.0
#11 23.47 + vidstack 0.6.15
#11 23.47 + zod 3.25.76
#11 23.47 
#11 23.47 devDependencies: skipped
#11 23.47 
#11 23.75 Done in 23.3s using pnpm v10.14.0
#11 24.34 Removed all cached metadata files
#11 26.09 Removed 0 files
#11 26.29 Removed 0 packages
#11 DONE 36.8s

#12 exporting to image
#12 exporting layers
#12 exporting layers 45.4s done
#12 exporting manifest sha256:d04f8aa9f853a96a37d621e51275e09870980b730b850755e9df61bf20cda756 0.0s done
#12 exporting config sha256:9019573912d39c1c5509674dfd4a5aeb2f5677d2a8556741dca88e6948f3df50 done
#12 exporting attestation manifest sha256:e3ffa507df663e2d9b9897fc54686ae5edd1ea8dce68a236e39eb93e8375d524 0.0s done
#12 exporting manifest list sha256:bb0ba4ef4f704873d2ac46578a2054033adb6d30f2adb37c00457548da2bd37f 0.0s done
#12 naming to docker.io/library/moontv:base-deps done
#12 unpacking to docker.io/library/moontv:base-deps
